<?xml version="1.0" encoding="UTF-8"?>
<testng-results skipped="0" failed="1" ignored="0" total="1" passed="0">
  <reporter-output>
  </reporter-output>
  <suite name="Suite" duration-ms="115743" started-at="2022-08-06T16:44:13 IST" finished-at="2022-08-06T16:46:08 IST">
    <groups>
    </groups>
    <test name="Test" duration-ms="115743" started-at="2022-08-06T16:44:13 IST" finished-at="2022-08-06T16:46:08 IST">
      <class name="MediWave.AmazonMobiles">
        <test-method status="PASS" signature="startReport()[pri:0, instance:MediWave.AmazonMobiles@4b9e255]" name="startReport" is-config="true" duration-ms="450" started-at="2022-08-06T16:44:12 IST" finished-at="2022-08-06T16:44:13 IST">
          <reporter-output>
          </reporter-output>
        </test-method> <!-- startReport -->
        <test-method status="PASS" signature="setData()[pri:0, instance:MediWave.AmazonMobiles@4b9e255]" name="setData" is-config="true" duration-ms="0" started-at="2022-08-06T16:44:13 IST" finished-at="2022-08-06T16:44:13 IST">
          <reporter-output>
          </reporter-output>
        </test-method> <!-- setData -->
        <test-method status="PASS" signature="testcaseDetails()[pri:0, instance:MediWave.AmazonMobiles@4b9e255]" name="testcaseDetails" is-config="true" duration-ms="7" started-at="2022-08-06T16:44:13 IST" finished-at="2022-08-06T16:44:13 IST">
          <reporter-output>
          </reporter-output>
        </test-method> <!-- testcaseDetails -->
        <test-method status="PASS" signature="preConditions(java.lang.String,java.lang.String)[pri:0, instance:MediWave.AmazonMobiles@4b9e255]" name="preConditions" is-config="true" duration-ms="31917" started-at="2022-08-06T16:44:13 IST" finished-at="2022-08-06T16:44:44 IST">
          <params>
            <param index="0">
              <value>
                <![CDATA[Chrome]]>
              </value>
            </param>
            <param index="1">
              <value>
                <![CDATA[https://www.amazon.in/]]>
              </value>
            </param>
          </params>
          <reporter-output>
          </reporter-output>
        </test-method> <!-- preConditions -->
        <test-method status="FAIL" signature="runAmazonMobiles()[pri:0, instance:MediWave.AmazonMobiles@4b9e255]" name="runAmazonMobiles" duration-ms="75252" started-at="2022-08-06T16:44:45 IST" finished-at="2022-08-06T16:46:00 IST">
          <exception class="java.lang.NullPointerException">
            <full-stacktrace>
              <![CDATA[java.lang.NullPointerException
at MediWave.TestNGBaseClass.reportStep(TestNGBaseClass.java:62)
at MediWave.AmazonMobiles.runAmazonMobiles(AmazonMobiles.java:58)
at sun.reflect.NativeMethodAccessorImpl.invoke0(Native Method)
at sun.reflect.NativeMethodAccessorImpl.invoke(NativeMethodAccessorImpl.java:62)
at sun.reflect.DelegatingMethodAccessorImpl.invoke(DelegatingMethodAccessorImpl.java:43)
at java.lang.reflect.Method.invoke(Method.java:498)
at org.testng.internal.MethodInvocationHelper.invokeMethod(MethodInvocationHelper.java:133)
at org.testng.internal.TestInvoker.invokeMethod(TestInvoker.java:598)
at org.testng.internal.TestInvoker.invokeTestMethod(TestInvoker.java:173)
at org.testng.internal.MethodRunner.runInSequence(MethodRunner.java:46)
at org.testng.internal.TestInvoker$MethodInvocationAgent.invoke(TestInvoker.java:824)
at org.testng.internal.TestInvoker.invokeTestMethods(TestInvoker.java:146)
at org.testng.internal.TestMethodWorker.invokeTestMethods(TestMethodWorker.java:146)
at org.testng.internal.TestMethodWorker.run(TestMethodWorker.java:128)
at java.util.ArrayList.forEach(ArrayList.java:1259)
at org.testng.TestRunner.privateRun(TestRunner.java:794)
at org.testng.TestRunner.run(TestRunner.java:596)
at org.testng.SuiteRunner.runTest(SuiteRunner.java:377)
at org.testng.SuiteRunner.runSequentially(SuiteRunner.java:371)
at org.testng.SuiteRunner.privateRun(SuiteRunner.java:332)
at org.testng.SuiteRunner.run(SuiteRunner.java:276)
at org.testng.SuiteRunnerWorker.runSuite(SuiteRunnerWorker.java:53)
at org.testng.SuiteRunnerWorker.run(SuiteRunnerWorker.java:96)
at org.testng.TestNG.runSuitesSequentially(TestNG.java:1212)
at org.testng.TestNG.runSuitesLocally(TestNG.java:1134)
at org.testng.TestNG.runSuites(TestNG.java:1063)
at org.testng.TestNG.run(TestNG.java:1031)
at org.testng.remote.AbstractRemoteTestNG.run(AbstractRemoteTestNG.java:115)
at org.testng.remote.RemoteTestNG.initAndRun(RemoteTestNG.java:251)
at org.testng.remote.RemoteTestNG.main(RemoteTestNG.java:77)
]]>
            </full-stacktrace>
          </exception> <!-- java.lang.NullPointerException -->
          <reporter-output>
          </reporter-output>
        </test-method> <!-- runAmazonMobiles -->
        <test-method status="PASS" signature="postConditions()[pri:0, instance:MediWave.AmazonMobiles@4b9e255]" name="postConditions" is-config="true" duration-ms="8489" started-at="2022-08-06T16:46:00 IST" finished-at="2022-08-06T16:46:08 IST">
          <reporter-output>
          </reporter-output>
        </test-method> <!-- postConditions -->
        <test-method status="PASS" signature="stopReport()[pri:0, instance:MediWave.AmazonMobiles@4b9e255]" name="stopReport" is-config="true" duration-ms="490" started-at="2022-08-06T16:46:08 IST" finished-at="2022-08-06T16:46:09 IST">
          <reporter-output>
          </reporter-output>
        </test-method> <!-- stopReport -->
      </class> <!-- MediWave.AmazonMobiles -->
    </test> <!-- Test -->
  </suite> <!-- Suite -->
</testng-results>
